<?xml version="1.0" encoding="UTF-8"?>
<robot generator="Robot 6.0.1 (Python 3.11.0 on win32)" generated="20230110 14:41:39.835" rpa="false" schemaversion="3">
<suite id="s1" name="Tricentis Test" source="E:\Beckaup\Automação\AutomaçãoTricentes.robot\Teste\tricentis_test.robot">
<test id="s1-t1" name="CT01- Preencher dados do veiculo" line="13">
<kw name="Abrir Navegador" library="config" type="SETUP">
<kw name="Open Browser" library="SeleniumLibrary">
<arg>browser=chrome</arg>
<doc>Opens a new browser instance to the optional ``url``.</doc>
<msg timestamp="20230110 14:41:40.851" level="INFO">Opening browser 'chrome' to base url 'None'.</msg>
<status status="PASS" starttime="20230110 14:41:40.850" endtime="20230110 14:41:45.813"/>
</kw>
<kw name="Maximize Browser Window" library="SeleniumLibrary">
<doc>Maximizes current browser window.</doc>
<status status="PASS" starttime="20230110 14:41:45.814" endtime="20230110 14:41:46.053"/>
</kw>
<kw name="Capture Page Screenshot" library="SeleniumLibrary">
<doc>Takes a screenshot of the current page and embeds it into a log file.</doc>
<msg timestamp="20230110 14:41:46.384" level="INFO" html="true">&lt;/td&gt;&lt;/tr&gt;&lt;tr&gt;&lt;td colspan="3"&gt;&lt;a href="selenium-screenshot-1.png"&gt;&lt;img src="selenium-screenshot-1.png" width="800px"&gt;&lt;/a&gt;</msg>
<status status="PASS" starttime="20230110 14:41:46.053" endtime="20230110 14:41:46.386"/>
</kw>
<status status="PASS" starttime="20230110 14:41:40.850" endtime="20230110 14:41:46.386"/>
</kw>
<kw name="Acessar Home Page" library="Tricentis_resource">
<kw name="Go To" library="SeleniumLibrary">
<arg>${Url}</arg>
<doc>Navigates the current browser window to the provided ``url``.</doc>
<msg timestamp="20230110 14:41:46.391" level="INFO">Opening url 'http://sampleapp.tricentis.com/101/app.php'</msg>
<status status="PASS" starttime="20230110 14:41:46.391" endtime="20230110 14:41:49.941"/>
</kw>
<kw name="Sleep" library="BuiltIn">
<arg>2</arg>
<doc>Pauses the test executed for the given time.</doc>
<msg timestamp="20230110 14:41:51.943" level="INFO">Slept 2 seconds</msg>
<status status="PASS" starttime="20230110 14:41:49.941" endtime="20230110 14:41:51.943"/>
</kw>
<status status="PASS" starttime="20230110 14:41:46.390" endtime="20230110 14:41:51.943"/>
</kw>
<kw name="Selecionar Veiculo" library="Tricentis_resource">
<kw name="Sleep" library="BuiltIn">
<arg>2</arg>
<doc>Pauses the test executed for the given time.</doc>
<msg timestamp="20230110 14:41:53.947" level="INFO">Slept 2 seconds</msg>
<status status="PASS" starttime="20230110 14:41:51.946" endtime="20230110 14:41:53.947"/>
</kw>
<kw name="Wait Until Element Is Visible" library="SeleniumLibrary">
<arg>${Selecionar_Veiculo}</arg>
<doc>Waits until the element ``locator`` is visible.</doc>
<status status="PASS" starttime="20230110 14:41:53.947" endtime="20230110 14:41:54.126"/>
</kw>
<kw name="Capture Page Screenshot" library="SeleniumLibrary">
<doc>Takes a screenshot of the current page and embeds it into a log file.</doc>
<msg timestamp="20230110 14:41:54.372" level="INFO" html="true">&lt;/td&gt;&lt;/tr&gt;&lt;tr&gt;&lt;td colspan="3"&gt;&lt;a href="selenium-screenshot-2.png"&gt;&lt;img src="selenium-screenshot-2.png" width="800px"&gt;&lt;/a&gt;</msg>
<status status="PASS" starttime="20230110 14:41:54.127" endtime="20230110 14:41:54.373"/>
</kw>
<kw name="Click Element" library="SeleniumLibrary">
<arg>${Veiculo}</arg>
<doc>Click the element identified by ``locator``.</doc>
<msg timestamp="20230110 14:41:54.374" level="INFO">Clicking element '//option[@value='Mercedes Benz']'.</msg>
<status status="PASS" starttime="20230110 14:41:54.373" endtime="20230110 14:41:54.505"/>
</kw>
<kw name="Capture Page Screenshot" library="SeleniumLibrary">
<doc>Takes a screenshot of the current page and embeds it into a log file.</doc>
<msg timestamp="20230110 14:41:54.737" level="INFO" html="true">&lt;/td&gt;&lt;/tr&gt;&lt;tr&gt;&lt;td colspan="3"&gt;&lt;a href="selenium-screenshot-3.png"&gt;&lt;img src="selenium-screenshot-3.png" width="800px"&gt;&lt;/a&gt;</msg>
<status status="PASS" starttime="20230110 14:41:54.505" endtime="20230110 14:41:54.737"/>
</kw>
<status status="PASS" starttime="20230110 14:41:51.945" endtime="20230110 14:41:54.737"/>
</kw>
<kw name="Desempenho do motor" library="Tricentis_resource">
<kw name="Wait Until Element Is Visible" library="SeleniumLibrary">
<arg>${Desempenho}</arg>
<doc>Waits until the element ``locator`` is visible.</doc>
<status status="PASS" starttime="20230110 14:41:54.739" endtime="20230110 14:41:54.823"/>
</kw>
<kw name="Capture Page Screenshot" library="SeleniumLibrary">
<doc>Takes a screenshot of the current page and embeds it into a log file.</doc>
<msg timestamp="20230110 14:41:55.072" level="INFO" html="true">&lt;/td&gt;&lt;/tr&gt;&lt;tr&gt;&lt;td colspan="3"&gt;&lt;a href="selenium-screenshot-4.png"&gt;&lt;img src="selenium-screenshot-4.png" width="800px"&gt;&lt;/a&gt;</msg>
<status status="PASS" starttime="20230110 14:41:54.823" endtime="20230110 14:41:55.072"/>
</kw>
<kw name="Input Text" library="SeleniumLibrary">
<arg>${Desempenho}</arg>
<arg>${Texto}</arg>
<doc>Types the given ``text`` into the text field identified by ``locator``.</doc>
<msg timestamp="20230110 14:41:55.074" level="INFO">Typing text '1500' into text field '//input[contains(@name,'[kW]')]'.</msg>
<status status="PASS" starttime="20230110 14:41:55.073" endtime="20230110 14:41:55.602"/>
</kw>
<kw name="Capture Page Screenshot" library="SeleniumLibrary">
<doc>Takes a screenshot of the current page and embeds it into a log file.</doc>
<msg timestamp="20230110 14:41:55.862" level="INFO" html="true">&lt;/td&gt;&lt;/tr&gt;&lt;tr&gt;&lt;td colspan="3"&gt;&lt;a href="selenium-screenshot-5.png"&gt;&lt;img src="selenium-screenshot-5.png" width="800px"&gt;&lt;/a&gt;</msg>
<status status="PASS" starttime="20230110 14:41:55.602" endtime="20230110 14:41:55.862"/>
</kw>
<kw name="Wait Until Element Is Visible" library="SeleniumLibrary">
<arg>${Ano_Fabricação}</arg>
<doc>Waits until the element ``locator`` is visible.</doc>
<status status="PASS" starttime="20230110 14:41:55.863" endtime="20230110 14:41:55.914"/>
</kw>
<kw name="Capture Page Screenshot" library="SeleniumLibrary">
<doc>Takes a screenshot of the current page and embeds it into a log file.</doc>
<msg timestamp="20230110 14:41:56.147" level="INFO" html="true">&lt;/td&gt;&lt;/tr&gt;&lt;tr&gt;&lt;td colspan="3"&gt;&lt;a href="selenium-screenshot-6.png"&gt;&lt;img src="selenium-screenshot-6.png" width="800px"&gt;&lt;/a&gt;</msg>
<status status="PASS" starttime="20230110 14:41:55.914" endtime="20230110 14:41:56.147"/>
</kw>
<kw name="Input Text" library="SeleniumLibrary">
<arg>${Ano_Fabricação}</arg>
<arg>${Date}</arg>
<doc>Types the given ``text`` into the text field identified by ``locator``.</doc>
<msg timestamp="20230110 14:41:56.149" level="INFO">Typing text '06/21/2013' into text field '//input[@name='Date of Manufacture']'.</msg>
<status status="PASS" starttime="20230110 14:41:56.148" endtime="20230110 14:41:56.938"/>
</kw>
<kw name="Capture Page Screenshot" library="SeleniumLibrary">
<doc>Takes a screenshot of the current page and embeds it into a log file.</doc>
<msg timestamp="20230110 14:41:57.231" level="INFO" html="true">&lt;/td&gt;&lt;/tr&gt;&lt;tr&gt;&lt;td colspan="3"&gt;&lt;a href="selenium-screenshot-7.png"&gt;&lt;img src="selenium-screenshot-7.png" width="800px"&gt;&lt;/a&gt;</msg>
<status status="PASS" starttime="20230110 14:41:56.938" endtime="20230110 14:41:57.231"/>
</kw>
<status status="PASS" starttime="20230110 14:41:54.738" endtime="20230110 14:41:57.233"/>
</kw>
<kw name="Numero de Passageiros" library="Tricentis_resource">
<kw name="Sleep" library="BuiltIn">
<arg>2</arg>
<doc>Pauses the test executed for the given time.</doc>
<msg timestamp="20230110 14:41:59.264" level="INFO">Slept 2 seconds</msg>
<status status="PASS" starttime="20230110 14:41:57.261" endtime="20230110 14:41:59.264"/>
</kw>
<kw name="Wait Until Element Is Visible" library="SeleniumLibrary">
<arg>${Acentos}</arg>
<doc>Waits until the element ``locator`` is visible.</doc>
<status status="PASS" starttime="20230110 14:41:59.264" endtime="20230110 14:41:59.328"/>
</kw>
<kw name="Capture Page Screenshot" library="SeleniumLibrary">
<doc>Takes a screenshot of the current page and embeds it into a log file.</doc>
<msg timestamp="20230110 14:41:59.552" level="INFO" html="true">&lt;/td&gt;&lt;/tr&gt;&lt;tr&gt;&lt;td colspan="3"&gt;&lt;a href="selenium-screenshot-8.png"&gt;&lt;img src="selenium-screenshot-8.png" width="800px"&gt;&lt;/a&gt;</msg>
<status status="PASS" starttime="20230110 14:41:59.328" endtime="20230110 14:41:59.552"/>
</kw>
<kw name="Click Element" library="SeleniumLibrary">
<arg>${Acentos}</arg>
<doc>Click the element identified by ``locator``.</doc>
<msg timestamp="20230110 14:41:59.553" level="INFO">Clicking element '//select[contains(@name,'Number of Seats')]'.</msg>
<status status="PASS" starttime="20230110 14:41:59.552" endtime="20230110 14:41:59.779"/>
</kw>
<kw name="Capture Page Screenshot" library="SeleniumLibrary">
<doc>Takes a screenshot of the current page and embeds it into a log file.</doc>
<msg timestamp="20230110 14:42:00.023" level="INFO" html="true">&lt;/td&gt;&lt;/tr&gt;&lt;tr&gt;&lt;td colspan="3"&gt;&lt;a href="selenium-screenshot-9.png"&gt;&lt;img src="selenium-screenshot-9.png" width="800px"&gt;&lt;/a&gt;</msg>
<status status="PASS" starttime="20230110 14:41:59.781" endtime="20230110 14:42:00.023"/>
</kw>
<kw name="Click Element" library="SeleniumLibrary">
<arg>${Quantidade}</arg>
<doc>Click the element identified by ``locator``.</doc>
<msg timestamp="20230110 14:42:00.024" level="INFO">Clicking element '//option[@value='5'][contains(.,'5')]'.</msg>
<status status="PASS" starttime="20230110 14:42:00.023" endtime="20230110 14:42:00.273"/>
</kw>
<kw name="Capture Page Screenshot" library="SeleniumLibrary">
<doc>Takes a screenshot of the current page and embeds it into a log file.</doc>
<msg timestamp="20230110 14:42:00.646" level="INFO" html="true">&lt;/td&gt;&lt;/tr&gt;&lt;tr&gt;&lt;td colspan="3"&gt;&lt;a href="selenium-screenshot-10.png"&gt;&lt;img src="selenium-screenshot-10.png" width="800px"&gt;&lt;/a&gt;</msg>
<status status="PASS" starttime="20230110 14:42:00.273" endtime="20230110 14:42:00.646"/>
</kw>
<status status="PASS" starttime="20230110 14:41:57.261" endtime="20230110 14:42:00.647"/>
</kw>
<kw name="Verificar Combustivel 'Diesel'" library="Tricentis_resource" sourcename="Verificar Combustivel '${Fuel}'">
<kw name="Wait Until Element Is Visible" library="SeleniumLibrary">
<arg>${Comb}</arg>
<doc>Waits until the element ``locator`` is visible.</doc>
<status status="PASS" starttime="20230110 14:42:00.652" endtime="20230110 14:42:00.743"/>
</kw>
<kw name="Capture Page Screenshot" library="SeleniumLibrary">
<doc>Takes a screenshot of the current page and embeds it into a log file.</doc>
<msg timestamp="20230110 14:42:01.001" level="INFO" html="true">&lt;/td&gt;&lt;/tr&gt;&lt;tr&gt;&lt;td colspan="3"&gt;&lt;a href="selenium-screenshot-11.png"&gt;&lt;img src="selenium-screenshot-11.png" width="800px"&gt;&lt;/a&gt;</msg>
<status status="PASS" starttime="20230110 14:42:00.743" endtime="20230110 14:42:01.001"/>
</kw>
<status status="PASS" starttime="20230110 14:42:00.651" endtime="20230110 14:42:01.002"/>
</kw>
<kw name="Valor" library="Tricentis_resource">
<kw name="Wait Until Element Is Visible" library="SeleniumLibrary">
<arg>${Valor_Mercado}</arg>
<doc>Waits until the element ``locator`` is visible.</doc>
<status status="PASS" starttime="20230110 14:42:01.009" endtime="20230110 14:42:01.101"/>
</kw>
<kw name="Capture Page Screenshot" library="SeleniumLibrary">
<doc>Takes a screenshot of the current page and embeds it into a log file.</doc>
<msg timestamp="20230110 14:42:01.371" level="INFO" html="true">&lt;/td&gt;&lt;/tr&gt;&lt;tr&gt;&lt;td colspan="3"&gt;&lt;a href="selenium-screenshot-12.png"&gt;&lt;img src="selenium-screenshot-12.png" width="800px"&gt;&lt;/a&gt;</msg>
<status status="PASS" starttime="20230110 14:42:01.102" endtime="20230110 14:42:01.371"/>
</kw>
<kw name="Input Text" library="SeleniumLibrary">
<arg>${Valor_Mercado}</arg>
<arg>${Total}</arg>
<doc>Types the given ``text`` into the text field identified by ``locator``.</doc>
<msg timestamp="20230110 14:42:01.372" level="INFO">Typing text '13500' into text field '//input[contains(@name,'List Price')]'.</msg>
<status status="PASS" starttime="20230110 14:42:01.371" endtime="20230110 14:42:02.115"/>
</kw>
<kw name="Capture Page Screenshot" library="SeleniumLibrary">
<doc>Takes a screenshot of the current page and embeds it into a log file.</doc>
<msg timestamp="20230110 14:42:02.412" level="INFO" html="true">&lt;/td&gt;&lt;/tr&gt;&lt;tr&gt;&lt;td colspan="3"&gt;&lt;a href="selenium-screenshot-13.png"&gt;&lt;img src="selenium-screenshot-13.png" width="800px"&gt;&lt;/a&gt;</msg>
<status status="PASS" starttime="20230110 14:42:02.115" endtime="20230110 14:42:02.412"/>
</kw>
<status status="PASS" starttime="20230110 14:42:01.007" endtime="20230110 14:42:02.413"/>
</kw>
<kw name="Verificar Placa" library="Tricentis_resource">
<kw name="Wait Until Element Is Visible" library="SeleniumLibrary">
<arg>${Licensa}</arg>
<doc>Waits until the element ``locator`` is visible.</doc>
<status status="PASS" starttime="20230110 14:42:02.415" endtime="20230110 14:42:02.531"/>
</kw>
<kw name="Capture Page Screenshot" library="SeleniumLibrary">
<doc>Takes a screenshot of the current page and embeds it into a log file.</doc>
<msg timestamp="20230110 14:42:02.745" level="INFO" html="true">&lt;/td&gt;&lt;/tr&gt;&lt;tr&gt;&lt;td colspan="3"&gt;&lt;a href="selenium-screenshot-14.png"&gt;&lt;img src="selenium-screenshot-14.png" width="800px"&gt;&lt;/a&gt;</msg>
<status status="PASS" starttime="20230110 14:42:02.532" endtime="20230110 14:42:02.745"/>
</kw>
<kw name="Input Text" library="SeleniumLibrary">
<arg>${Licensa}</arg>
<arg>${Placa}</arg>
<doc>Types the given ``text`` into the text field identified by ``locator``.</doc>
<msg timestamp="20230110 14:42:02.747" level="INFO">Typing text 'AON 7172' into text field '//input[contains(@name,'License Plate Number')]'.</msg>
<status status="PASS" starttime="20230110 14:42:02.745" endtime="20230110 14:42:03.354"/>
</kw>
<kw name="Capture Page Screenshot" library="SeleniumLibrary">
<doc>Takes a screenshot of the current page and embeds it into a log file.</doc>
<msg timestamp="20230110 14:42:03.672" level="INFO" html="true">&lt;/td&gt;&lt;/tr&gt;&lt;tr&gt;&lt;td colspan="3"&gt;&lt;a href="selenium-screenshot-15.png"&gt;&lt;img src="selenium-screenshot-15.png" width="800px"&gt;&lt;/a&gt;</msg>
<status status="PASS" starttime="20230110 14:42:03.354" endtime="20230110 14:42:03.673"/>
</kw>
<status status="PASS" starttime="20230110 14:42:02.414" endtime="20230110 14:42:03.673"/>
</kw>
<kw name="Page Should ContainKm Atual" library="Tricentis_resource">
<kw name="Wait Until Element Is Visible" library="SeleniumLibrary">
<arg>${Km}</arg>
<doc>Waits until the element ``locator`` is visible.</doc>
<status status="PASS" starttime="20230110 14:42:03.677" endtime="20230110 14:42:03.802"/>
</kw>
<kw name="Capture Page Screenshot" library="SeleniumLibrary">
<doc>Takes a screenshot of the current page and embeds it into a log file.</doc>
<msg timestamp="20230110 14:42:04.044" level="INFO" html="true">&lt;/td&gt;&lt;/tr&gt;&lt;tr&gt;&lt;td colspan="3"&gt;&lt;a href="selenium-screenshot-16.png"&gt;&lt;img src="selenium-screenshot-16.png" width="800px"&gt;&lt;/a&gt;</msg>
<status status="PASS" starttime="20230110 14:42:03.803" endtime="20230110 14:42:04.044"/>
</kw>
<kw name="Input Text" library="SeleniumLibrary">
<arg>${Km}</arg>
<arg>${Atual}</arg>
<doc>Types the given ``text`` into the text field identified by ``locator``.</doc>
<msg timestamp="20230110 14:42:04.047" level="INFO">Typing text '100000' into text field '//input[contains(@name,'Annual Mileage')]'.</msg>
<status status="PASS" starttime="20230110 14:42:04.045" endtime="20230110 14:42:05.047"/>
</kw>
<kw name="Capture Page Screenshot" library="SeleniumLibrary">
<doc>Takes a screenshot of the current page and embeds it into a log file.</doc>
<msg timestamp="20230110 14:42:05.552" level="INFO" html="true">&lt;/td&gt;&lt;/tr&gt;&lt;tr&gt;&lt;td colspan="3"&gt;&lt;a href="selenium-screenshot-17.png"&gt;&lt;img src="selenium-screenshot-17.png" width="800px"&gt;&lt;/a&gt;</msg>
<status status="PASS" starttime="20230110 14:42:05.047" endtime="20230110 14:42:05.553"/>
</kw>
<status status="PASS" starttime="20230110 14:42:03.677" endtime="20230110 14:42:05.555"/>
</kw>
<kw name="Próximo" library="Tricentis_resource">
<kw name="Sleep" library="BuiltIn">
<arg>2</arg>
<doc>Pauses the test executed for the given time.</doc>
<msg timestamp="20230110 14:42:07.617" level="INFO">Slept 2 seconds</msg>
<status status="PASS" starttime="20230110 14:42:05.613" endtime="20230110 14:42:07.617"/>
</kw>
<kw name="Wait Until Element Is Visible" library="SeleniumLibrary">
<arg>${Seguir}</arg>
<doc>Waits until the element ``locator`` is visible.</doc>
<status status="PASS" starttime="20230110 14:42:07.618" endtime="20230110 14:42:07.795"/>
</kw>
<kw name="Capture Page Screenshot" library="SeleniumLibrary">
<doc>Takes a screenshot of the current page and embeds it into a log file.</doc>
<msg timestamp="20230110 14:42:08.209" level="INFO" html="true">&lt;/td&gt;&lt;/tr&gt;&lt;tr&gt;&lt;td colspan="3"&gt;&lt;a href="selenium-screenshot-18.png"&gt;&lt;img src="selenium-screenshot-18.png" width="800px"&gt;&lt;/a&gt;</msg>
<status status="PASS" starttime="20230110 14:42:07.795" endtime="20230110 14:42:08.210"/>
</kw>
<kw name="Click Element" library="SeleniumLibrary">
<arg>${Seguir}</arg>
<doc>Click the element identified by ``locator``.</doc>
<msg timestamp="20230110 14:42:08.212" level="INFO">Clicking element '//button[@name='Next (Enter Insurant Data)'][contains(.,'Next »')]'.</msg>
<status status="PASS" starttime="20230110 14:42:08.211" endtime="20230110 14:42:08.915"/>
</kw>
<kw name="Capture Page Screenshot" library="SeleniumLibrary">
<doc>Takes a screenshot of the current page and embeds it into a log file.</doc>
<msg timestamp="20230110 14:42:09.494" level="INFO" html="true">&lt;/td&gt;&lt;/tr&gt;&lt;tr&gt;&lt;td colspan="3"&gt;&lt;a href="selenium-screenshot-19.png"&gt;&lt;img src="selenium-screenshot-19.png" width="800px"&gt;&lt;/a&gt;</msg>
<status status="PASS" starttime="20230110 14:42:08.916" endtime="20230110 14:42:09.494"/>
</kw>
<kw name="Wait Until Element Is Visible" library="SeleniumLibrary">
<arg>${Campo_Nome}</arg>
<doc>Waits until the element ``locator`` is visible.</doc>
<status status="PASS" starttime="20230110 14:42:09.494" endtime="20230110 14:42:09.749"/>
</kw>
<kw name="Capture Page Screenshot" library="SeleniumLibrary">
<doc>Takes a screenshot of the current page and embeds it into a log file.</doc>
<msg timestamp="20230110 14:42:10.120" level="INFO" html="true">&lt;/td&gt;&lt;/tr&gt;&lt;tr&gt;&lt;td colspan="3"&gt;&lt;a href="selenium-screenshot-20.png"&gt;&lt;img src="selenium-screenshot-20.png" width="800px"&gt;&lt;/a&gt;</msg>
<status status="PASS" starttime="20230110 14:42:09.750" endtime="20230110 14:42:10.121"/>
</kw>
<status status="PASS" starttime="20230110 14:42:05.612" endtime="20230110 14:42:10.121"/>
</kw>
<kw name="Inserir Dados do Seguro" library="Tricentis_resource">
<kw name="Sleep" library="BuiltIn">
<arg>2</arg>
<doc>Pauses the test executed for the given time.</doc>
<msg timestamp="20230110 14:42:12.144" level="INFO">Slept 2 seconds</msg>
<status status="PASS" starttime="20230110 14:42:10.143" endtime="20230110 14:42:12.144"/>
</kw>
<kw name="Wait Until Element Is Visible" library="SeleniumLibrary">
<arg>${Campo_Nome}</arg>
<doc>Waits until the element ``locator`` is visible.</doc>
<status status="PASS" starttime="20230110 14:42:12.145" endtime="20230110 14:42:12.210"/>
</kw>
<kw name="Capture Page Screenshot" library="SeleniumLibrary">
<doc>Takes a screenshot of the current page and embeds it into a log file.</doc>
<msg timestamp="20230110 14:42:12.465" level="INFO" html="true">&lt;/td&gt;&lt;/tr&gt;&lt;tr&gt;&lt;td colspan="3"&gt;&lt;a href="selenium-screenshot-21.png"&gt;&lt;img src="selenium-screenshot-21.png" width="800px"&gt;&lt;/a&gt;</msg>
<status status="PASS" starttime="20230110 14:42:12.211" endtime="20230110 14:42:12.465"/>
</kw>
<kw name="Input Text" library="SeleniumLibrary">
<arg>${Campo_Nome}</arg>
<arg>${Nome}</arg>
<doc>Types the given ``text`` into the text field identified by ``locator``.</doc>
<msg timestamp="20230110 14:42:12.467" level="INFO">Typing text 'Patricia' into text field '//input[contains(@name,'First Name')]'.</msg>
<status status="PASS" starttime="20230110 14:42:12.466" endtime="20230110 14:42:13.176"/>
</kw>
<kw name="Capture Page Screenshot" library="SeleniumLibrary">
<doc>Takes a screenshot of the current page and embeds it into a log file.</doc>
<msg timestamp="20230110 14:42:13.691" level="INFO" html="true">&lt;/td&gt;&lt;/tr&gt;&lt;tr&gt;&lt;td colspan="3"&gt;&lt;a href="selenium-screenshot-22.png"&gt;&lt;img src="selenium-screenshot-22.png" width="800px"&gt;&lt;/a&gt;</msg>
<status status="PASS" starttime="20230110 14:42:13.177" endtime="20230110 14:42:13.691"/>
</kw>
<status status="PASS" starttime="20230110 14:42:10.141" endtime="20230110 14:42:13.692"/>
</kw>
<kw name="Preencher Sobrenome" library="Tricentis_resource">
<kw name="Wait Until Element Is Visible" library="SeleniumLibrary">
<arg>${Campo_Last_Name}</arg>
<doc>Waits until the element ``locator`` is visible.</doc>
<status status="PASS" starttime="20230110 14:42:13.705" endtime="20230110 14:42:13.851"/>
</kw>
<kw name="Capture Page Screenshot" library="SeleniumLibrary">
<doc>Takes a screenshot of the current page and embeds it into a log file.</doc>
<msg timestamp="20230110 14:42:14.203" level="INFO" html="true">&lt;/td&gt;&lt;/tr&gt;&lt;tr&gt;&lt;td colspan="3"&gt;&lt;a href="selenium-screenshot-23.png"&gt;&lt;img src="selenium-screenshot-23.png" width="800px"&gt;&lt;/a&gt;</msg>
<status status="PASS" starttime="20230110 14:42:13.851" endtime="20230110 14:42:14.203"/>
</kw>
<kw name="Input Text" library="SeleniumLibrary">
<arg>${Campo_Last_Name}</arg>
<arg>${Last}</arg>
<doc>Types the given ``text`` into the text field identified by ``locator``.</doc>
<msg timestamp="20230110 14:42:14.205" level="INFO">Typing text 'Miranda' into text field '//input[contains(@name,'Last Name')]'.</msg>
<status status="PASS" starttime="20230110 14:42:14.204" endtime="20230110 14:42:15.826"/>
</kw>
<kw name="Capture Page Screenshot" library="SeleniumLibrary">
<doc>Takes a screenshot of the current page and embeds it into a log file.</doc>
<msg timestamp="20230110 14:42:16.183" level="INFO" html="true">&lt;/td&gt;&lt;/tr&gt;&lt;tr&gt;&lt;td colspan="3"&gt;&lt;a href="selenium-screenshot-24.png"&gt;&lt;img src="selenium-screenshot-24.png" width="800px"&gt;&lt;/a&gt;</msg>
<status status="PASS" starttime="20230110 14:42:15.826" endtime="20230110 14:42:16.183"/>
</kw>
<status status="PASS" starttime="20230110 14:42:13.704" endtime="20230110 14:42:16.184"/>
</kw>
<kw name="Data de Nascimento" library="Tricentis_resource">
<kw name="Wait Until Element Is Visible" library="SeleniumLibrary">
<arg>${Birth}</arg>
<doc>Waits until the element ``locator`` is visible.</doc>
<status status="PASS" starttime="20230110 14:42:16.193" endtime="20230110 14:42:16.361"/>
</kw>
<kw name="Capture Page Screenshot" library="SeleniumLibrary">
<doc>Takes a screenshot of the current page and embeds it into a log file.</doc>
<msg timestamp="20230110 14:42:16.629" level="INFO" html="true">&lt;/td&gt;&lt;/tr&gt;&lt;tr&gt;&lt;td colspan="3"&gt;&lt;a href="selenium-screenshot-25.png"&gt;&lt;img src="selenium-screenshot-25.png" width="800px"&gt;&lt;/a&gt;</msg>
<status status="PASS" starttime="20230110 14:42:16.362" endtime="20230110 14:42:16.630"/>
</kw>
<kw name="Input Text" library="SeleniumLibrary">
<arg>${Birth}</arg>
<arg>${Niver}</arg>
<doc>Types the given ``text`` into the text field identified by ``locator``.</doc>
<msg timestamp="20230110 14:42:16.632" level="INFO">Typing text '10/06/1970' into text field '//input[@name='Date of Birth']'.</msg>
<status status="PASS" starttime="20230110 14:42:16.630" endtime="20230110 14:42:18.218"/>
</kw>
<kw name="Capture Page Screenshot" library="SeleniumLibrary">
<doc>Takes a screenshot of the current page and embeds it into a log file.</doc>
<msg timestamp="20230110 14:42:18.633" level="INFO" html="true">&lt;/td&gt;&lt;/tr&gt;&lt;tr&gt;&lt;td colspan="3"&gt;&lt;a href="selenium-screenshot-26.png"&gt;&lt;img src="selenium-screenshot-26.png" width="800px"&gt;&lt;/a&gt;</msg>
<status status="PASS" starttime="20230110 14:42:18.218" endtime="20230110 14:42:18.633"/>
</kw>
<status status="PASS" starttime="20230110 14:42:16.192" endtime="20230110 14:42:18.633"/>
</kw>
<kw name="Selecione Genero &quot;Female&quot;" library="Tricentis_resource" sourcename="Selecione Genero &quot;${Gender}&quot;">
<kw name="Capture Page Screenshot" library="SeleniumLibrary">
<doc>Takes a screenshot of the current page and embeds it into a log file.</doc>
<msg timestamp="20230110 14:42:18.962" level="INFO" html="true">&lt;/td&gt;&lt;/tr&gt;&lt;tr&gt;&lt;td colspan="3"&gt;&lt;a href="selenium-screenshot-27.png"&gt;&lt;img src="selenium-screenshot-27.png" width="800px"&gt;&lt;/a&gt;</msg>
<status status="PASS" starttime="20230110 14:42:18.645" endtime="20230110 14:42:18.963"/>
</kw>
<kw name="Escolha o Genero" library="Metodo_steps">
<arg>${Gender}</arg>
<if>
<branch type="IF" condition="'${Gender}'== 'Male'">
<kw name="Click Element" library="SeleniumLibrary">
<arg>${Male}</arg>
<doc>Click the element identified by ``locator``.</doc>
<status status="NOT RUN" starttime="20230110 14:42:18.965" endtime="20230110 14:42:18.966"/>
</kw>
<status status="NOT RUN" starttime="20230110 14:42:18.965" endtime="20230110 14:42:18.966"/>
</branch>
<branch type="ELSE IF" condition="'${Gender}' == 'Female'">
<kw name="Click Element" library="SeleniumLibrary">
<arg>${Female}</arg>
<doc>Click the element identified by ``locator``.</doc>
<msg timestamp="20230110 14:42:18.968" level="INFO">Clicking element '//label[@class='ideal-radiocheck-label'][contains(.,'Female')]'.</msg>
<status status="PASS" starttime="20230110 14:42:18.967" endtime="20230110 14:42:19.247"/>
</kw>
<status status="PASS" starttime="20230110 14:42:18.967" endtime="20230110 14:42:19.247"/>
</branch>
<status status="PASS" starttime="20230110 14:42:18.964" endtime="20230110 14:42:19.247"/>
</if>
<status status="PASS" starttime="20230110 14:42:18.964" endtime="20230110 14:42:19.248"/>
</kw>
<status status="PASS" starttime="20230110 14:42:18.644" endtime="20230110 14:42:19.248"/>
</kw>
<kw name="Endereço" library="Tricentis_resource">
<kw name="Wait Until Element Is Visible" library="SeleniumLibrary">
<arg>${Stret}</arg>
<doc>Waits until the element ``locator`` is visible.</doc>
<status status="PASS" starttime="20230110 14:42:19.263" endtime="20230110 14:42:19.449"/>
</kw>
<kw name="Capture Page Screenshot" library="SeleniumLibrary">
<doc>Takes a screenshot of the current page and embeds it into a log file.</doc>
<msg timestamp="20230110 14:42:19.743" level="INFO" html="true">&lt;/td&gt;&lt;/tr&gt;&lt;tr&gt;&lt;td colspan="3"&gt;&lt;a href="selenium-screenshot-28.png"&gt;&lt;img src="selenium-screenshot-28.png" width="800px"&gt;&lt;/a&gt;</msg>
<status status="PASS" starttime="20230110 14:42:19.449" endtime="20230110 14:42:19.744"/>
</kw>
<kw name="Input Text" library="SeleniumLibrary">
<arg>${Stret}</arg>
<arg>${Rua}</arg>
<doc>Types the given ``text`` into the text field identified by ``locator``.</doc>
<msg timestamp="20230110 14:42:19.746" level="INFO">Typing text 'Pedro André 20' into text field '//input[contains(@id,'streetaddress')]'.</msg>
<status status="PASS" starttime="20230110 14:42:19.744" endtime="20230110 14:42:21.105"/>
</kw>
<kw name="Capture Page Screenshot" library="SeleniumLibrary">
<doc>Takes a screenshot of the current page and embeds it into a log file.</doc>
<msg timestamp="20230110 14:42:21.501" level="INFO" html="true">&lt;/td&gt;&lt;/tr&gt;&lt;tr&gt;&lt;td colspan="3"&gt;&lt;a href="selenium-screenshot-29.png"&gt;&lt;img src="selenium-screenshot-29.png" width="800px"&gt;&lt;/a&gt;</msg>
<status status="PASS" starttime="20230110 14:42:21.105" endtime="20230110 14:42:21.502"/>
</kw>
<status status="PASS" starttime="20230110 14:42:19.262" endtime="20230110 14:42:21.502"/>
</kw>
<kw name="Selecione Pais" library="Tricentis_resource">
<kw name="Wait Until Element Is Visible" library="SeleniumLibrary">
<arg>${Pais}</arg>
<doc>Waits until the element ``locator`` is visible.</doc>
<status status="PASS" starttime="20230110 14:42:21.508" endtime="20230110 14:42:21.658"/>
</kw>
<kw name="Capture Page Screenshot" library="SeleniumLibrary">
<doc>Takes a screenshot of the current page and embeds it into a log file.</doc>
<msg timestamp="20230110 14:42:21.957" level="INFO" html="true">&lt;/td&gt;&lt;/tr&gt;&lt;tr&gt;&lt;td colspan="3"&gt;&lt;a href="selenium-screenshot-30.png"&gt;&lt;img src="selenium-screenshot-30.png" width="800px"&gt;&lt;/a&gt;</msg>
<status status="PASS" starttime="20230110 14:42:21.659" endtime="20230110 14:42:21.958"/>
</kw>
<kw name="Click Element" library="SeleniumLibrary">
<arg>${Local}</arg>
<doc>Click the element identified by ``locator``.</doc>
<msg timestamp="20230110 14:42:21.960" level="INFO">Clicking element '//option[@value='Angola'][contains(.,'Angola')]'.</msg>
<status status="PASS" starttime="20230110 14:42:21.958" endtime="20230110 14:42:22.234"/>
</kw>
<kw name="Capture Page Screenshot" library="SeleniumLibrary">
<doc>Takes a screenshot of the current page and embeds it into a log file.</doc>
<msg timestamp="20230110 14:42:22.552" level="INFO" html="true">&lt;/td&gt;&lt;/tr&gt;&lt;tr&gt;&lt;td colspan="3"&gt;&lt;a href="selenium-screenshot-31.png"&gt;&lt;img src="selenium-screenshot-31.png" width="800px"&gt;&lt;/a&gt;</msg>
<status status="PASS" starttime="20230110 14:42:22.234" endtime="20230110 14:42:22.552"/>
</kw>
<status status="PASS" starttime="20230110 14:42:21.507" endtime="20230110 14:42:22.552"/>
</kw>
<kw name="Codigo Postal" library="Tricentis_resource">
<kw name="Wait Until Element Is Visible" library="SeleniumLibrary">
<arg>${Campo_Ceep}</arg>
<doc>Waits until the element ``locator`` is visible.</doc>
<status status="PASS" starttime="20230110 14:42:22.576" endtime="20230110 14:42:22.746"/>
</kw>
<kw name="Capture Page Screenshot" library="SeleniumLibrary">
<doc>Takes a screenshot of the current page and embeds it into a log file.</doc>
<msg timestamp="20230110 14:42:23.009" level="INFO" html="true">&lt;/td&gt;&lt;/tr&gt;&lt;tr&gt;&lt;td colspan="3"&gt;&lt;a href="selenium-screenshot-32.png"&gt;&lt;img src="selenium-screenshot-32.png" width="800px"&gt;&lt;/a&gt;</msg>
<status status="PASS" starttime="20230110 14:42:22.746" endtime="20230110 14:42:23.009"/>
</kw>
<kw name="Input Text" library="SeleniumLibrary">
<arg>${Campo_Ceep}</arg>
<arg>${Ceep}</arg>
<doc>Types the given ``text`` into the text field identified by ``locator``.</doc>
<msg timestamp="20230110 14:42:23.011" level="INFO">Typing text '04349' into text field '//input[contains(@name,'Zip Code')]'.</msg>
<status status="PASS" starttime="20230110 14:42:23.009" endtime="20230110 14:42:23.990"/>
</kw>
<kw name="Capture Page Screenshot" library="SeleniumLibrary">
<doc>Takes a screenshot of the current page and embeds it into a log file.</doc>
<msg timestamp="20230110 14:42:24.498" level="INFO" html="true">&lt;/td&gt;&lt;/tr&gt;&lt;tr&gt;&lt;td colspan="3"&gt;&lt;a href="selenium-screenshot-33.png"&gt;&lt;img src="selenium-screenshot-33.png" width="800px"&gt;&lt;/a&gt;</msg>
<status status="PASS" starttime="20230110 14:42:23.990" endtime="20230110 14:42:24.499"/>
</kw>
<status status="PASS" starttime="20230110 14:42:22.575" endtime="20230110 14:42:24.499"/>
</kw>
<kw name="Cidade" library="Tricentis_resource">
<kw name="Wait Until Element Is Visible" library="SeleniumLibrary">
<arg>${Cidade}</arg>
<doc>Waits until the element ``locator`` is visible.</doc>
<status status="PASS" starttime="20230110 14:42:24.518" endtime="20230110 14:42:24.795"/>
</kw>
<kw name="Capture Page Screenshot" library="SeleniumLibrary">
<doc>Takes a screenshot of the current page and embeds it into a log file.</doc>
<msg timestamp="20230110 14:42:25.151" level="INFO" html="true">&lt;/td&gt;&lt;/tr&gt;&lt;tr&gt;&lt;td colspan="3"&gt;&lt;a href="selenium-screenshot-34.png"&gt;&lt;img src="selenium-screenshot-34.png" width="800px"&gt;&lt;/a&gt;</msg>
<status status="PASS" starttime="20230110 14:42:24.796" endtime="20230110 14:42:25.151"/>
</kw>
<kw name="Input Text" library="SeleniumLibrary">
<arg>${Cidade}</arg>
<arg>${City}</arg>
<doc>Types the given ``text`` into the text field identified by ``locator``.</doc>
<msg timestamp="20230110 14:42:25.153" level="INFO">Typing text 'São Paulo' into text field '//input[contains(@name,'City')]'.</msg>
<status status="PASS" starttime="20230110 14:42:25.152" endtime="20230110 14:42:26.242"/>
</kw>
<kw name="Capture Page Screenshot" library="SeleniumLibrary">
<doc>Takes a screenshot of the current page and embeds it into a log file.</doc>
<msg timestamp="20230110 14:42:26.626" level="INFO" html="true">&lt;/td&gt;&lt;/tr&gt;&lt;tr&gt;&lt;td colspan="3"&gt;&lt;a href="selenium-screenshot-35.png"&gt;&lt;img src="selenium-screenshot-35.png" width="800px"&gt;&lt;/a&gt;</msg>
<status status="PASS" starttime="20230110 14:42:26.243" endtime="20230110 14:42:26.626"/>
</kw>
<status status="PASS" starttime="20230110 14:42:24.517" endtime="20230110 14:42:26.627"/>
</kw>
<kw name="Profissão" library="Tricentis_resource">
<kw name="Wait Until Element Is Visible" library="SeleniumLibrary">
<arg>${Campo_Ocupation}</arg>
<doc>Waits until the element ``locator`` is visible.</doc>
<status status="PASS" starttime="20230110 14:42:26.636" endtime="20230110 14:42:26.850"/>
</kw>
<kw name="Capture Page Screenshot" library="SeleniumLibrary">
<doc>Takes a screenshot of the current page and embeds it into a log file.</doc>
<msg timestamp="20230110 14:42:27.257" level="INFO" html="true">&lt;/td&gt;&lt;/tr&gt;&lt;tr&gt;&lt;td colspan="3"&gt;&lt;a href="selenium-screenshot-36.png"&gt;&lt;img src="selenium-screenshot-36.png" width="800px"&gt;&lt;/a&gt;</msg>
<status status="PASS" starttime="20230110 14:42:26.851" endtime="20230110 14:42:27.258"/>
</kw>
<kw name="Click Element" library="SeleniumLibrary">
<arg>${Profissão}</arg>
<doc>Click the element identified by ``locator``.</doc>
<msg timestamp="20230110 14:42:27.260" level="INFO">Clicking element '//option[@value='Employee'][contains(.,'Employee')]'.</msg>
<status status="PASS" starttime="20230110 14:42:27.258" endtime="20230110 14:42:27.950"/>
</kw>
<kw name="Capture Page Screenshot" library="SeleniumLibrary">
<doc>Takes a screenshot of the current page and embeds it into a log file.</doc>
<msg timestamp="20230110 14:42:28.228" level="INFO" html="true">&lt;/td&gt;&lt;/tr&gt;&lt;tr&gt;&lt;td colspan="3"&gt;&lt;a href="selenium-screenshot-37.png"&gt;&lt;img src="selenium-screenshot-37.png" width="800px"&gt;&lt;/a&gt;</msg>
<status status="PASS" starttime="20230110 14:42:27.951" endtime="20230110 14:42:28.229"/>
</kw>
<status status="PASS" starttime="20230110 14:42:26.635" endtime="20230110 14:42:28.229"/>
</kw>
<kw name="Selecione Hobbies &quot;Salto&quot;" library="Tricentis_resource" sourcename="Selecione Hobbies &quot;${Lazer}&quot;">
<kw name="Capture Page Screenshot" library="SeleniumLibrary">
<doc>Takes a screenshot of the current page and embeds it into a log file.</doc>
<msg timestamp="20230110 14:42:28.547" level="INFO" html="true">&lt;/td&gt;&lt;/tr&gt;&lt;tr&gt;&lt;td colspan="3"&gt;&lt;a href="selenium-screenshot-38.png"&gt;&lt;img src="selenium-screenshot-38.png" width="800px"&gt;&lt;/a&gt;</msg>
<status status="PASS" starttime="20230110 14:42:28.247" endtime="20230110 14:42:28.547"/>
</kw>
<kw name="Escolha Hobbies" library="Metodo_steps">
<arg>${Lazer}</arg>
<if>
<branch type="IF" condition="'${Lazer}'== 'Salto'">
<kw name="Click Element" library="SeleniumLibrary">
<arg>${Salto}</arg>
<doc>Click the element identified by ``locator``.</doc>
<msg timestamp="20230110 14:42:28.553" level="INFO">Clicking element '//label[@class='ideal-radiocheck-label'][contains(.,'Cliff Diving')]'.</msg>
<status status="PASS" starttime="20230110 14:42:28.552" endtime="20230110 14:42:28.770"/>
</kw>
<status status="PASS" starttime="20230110 14:42:28.551" endtime="20230110 14:42:28.771"/>
</branch>
<branch type="ELSE IF" condition="'${Lazer}'== 'Outros'">
<kw name="Click Element" library="SeleniumLibrary">
<arg>${Céu}</arg>
<doc>Click the element identified by ``locator``.</doc>
<status status="NOT RUN" starttime="20230110 14:42:28.771" endtime="20230110 14:42:28.772"/>
</kw>
<status status="NOT RUN" starttime="20230110 14:42:28.771" endtime="20230110 14:42:28.772"/>
</branch>
<status status="PASS" starttime="20230110 14:42:28.548" endtime="20230110 14:42:28.772"/>
</if>
<status status="PASS" starttime="20230110 14:42:28.548" endtime="20230110 14:42:28.772"/>
</kw>
<status status="PASS" starttime="20230110 14:42:28.246" endtime="20230110 14:42:28.773"/>
</kw>
<kw name="E-mail" library="Tricentis_resource">
<kw name="Wait Until Element Is Visible" library="SeleniumLibrary">
<arg>${Campo_Email}</arg>
<doc>Waits until the element ``locator`` is visible.</doc>
<status status="PASS" starttime="20230110 14:42:28.808" endtime="20230110 14:42:28.999"/>
</kw>
<kw name="Capture Page Screenshot" library="SeleniumLibrary">
<doc>Takes a screenshot of the current page and embeds it into a log file.</doc>
<msg timestamp="20230110 14:42:29.324" level="INFO" html="true">&lt;/td&gt;&lt;/tr&gt;&lt;tr&gt;&lt;td colspan="3"&gt;&lt;a href="selenium-screenshot-39.png"&gt;&lt;img src="selenium-screenshot-39.png" width="800px"&gt;&lt;/a&gt;</msg>
<status status="PASS" starttime="20230110 14:42:28.999" endtime="20230110 14:42:29.324"/>
</kw>
<kw name="Input Text" library="SeleniumLibrary">
<arg>${Campo_Email}</arg>
<arg>${Site}</arg>
<doc>Types the given ``text`` into the text field identified by ``locator``.</doc>
<msg timestamp="20230110 14:42:29.325" level="INFO">Typing text 'www.gogle' into text field '//input[contains(@name,'Website')]'.</msg>
<status status="PASS" starttime="20230110 14:42:29.324" endtime="20230110 14:42:29.886"/>
</kw>
<kw name="Capture Page Screenshot" library="SeleniumLibrary">
<doc>Takes a screenshot of the current page and embeds it into a log file.</doc>
<msg timestamp="20230110 14:42:30.250" level="INFO" html="true">&lt;/td&gt;&lt;/tr&gt;&lt;tr&gt;&lt;td colspan="3"&gt;&lt;a href="selenium-screenshot-40.png"&gt;&lt;img src="selenium-screenshot-40.png" width="800px"&gt;&lt;/a&gt;</msg>
<status status="PASS" starttime="20230110 14:42:29.886" endtime="20230110 14:42:30.250"/>
</kw>
<status status="PASS" starttime="20230110 14:42:28.807" endtime="20230110 14:42:30.251"/>
</kw>
<kw name="Foto" library="Tricentis_resource">
<kw name="Wait Until Element Is Visible" library="SeleniumLibrary">
<arg>${Foto}</arg>
<doc>Waits until the element ``locator`` is visible.</doc>
<status status="PASS" starttime="20230110 14:42:30.255" endtime="20230110 14:42:30.418"/>
</kw>
<kw name="Capture Page Screenshot" library="SeleniumLibrary">
<doc>Takes a screenshot of the current page and embeds it into a log file.</doc>
<msg timestamp="20230110 14:42:30.631" level="INFO" html="true">&lt;/td&gt;&lt;/tr&gt;&lt;tr&gt;&lt;td colspan="3"&gt;&lt;a href="selenium-screenshot-41.png"&gt;&lt;img src="selenium-screenshot-41.png" width="800px"&gt;&lt;/a&gt;</msg>
<status status="PASS" starttime="20230110 14:42:30.419" endtime="20230110 14:42:30.631"/>
</kw>
<status status="PASS" starttime="20230110 14:42:30.254" endtime="20230110 14:42:30.632"/>
</kw>
<kw name="Selecione Proximo" library="Tricentis_resource">
<kw name="Sleep" library="BuiltIn">
<arg>2</arg>
<doc>Pauses the test executed for the given time.</doc>
<msg timestamp="20230110 14:42:32.637" level="INFO">Slept 2 seconds</msg>
<status status="PASS" starttime="20230110 14:42:30.636" endtime="20230110 14:42:32.637"/>
</kw>
<kw name="Wait Until Element Is Visible" library="SeleniumLibrary">
<arg>${NextBtn}</arg>
<doc>Waits until the element ``locator`` is visible.</doc>
<status status="PASS" starttime="20230110 14:42:32.638" endtime="20230110 14:42:32.692"/>
</kw>
<kw name="Capture Page Screenshot" library="SeleniumLibrary">
<doc>Takes a screenshot of the current page and embeds it into a log file.</doc>
<msg timestamp="20230110 14:42:32.909" level="INFO" html="true">&lt;/td&gt;&lt;/tr&gt;&lt;tr&gt;&lt;td colspan="3"&gt;&lt;a href="selenium-screenshot-42.png"&gt;&lt;img src="selenium-screenshot-42.png" width="800px"&gt;&lt;/a&gt;</msg>
<status status="PASS" starttime="20230110 14:42:32.693" endtime="20230110 14:42:32.909"/>
</kw>
<kw name="Click Element" library="SeleniumLibrary">
<arg>${NextBtn}</arg>
<doc>Click the element identified by ``locator``.</doc>
<msg timestamp="20230110 14:42:32.911" level="INFO">Clicking element '//button[@name='Next (Enter Product Data)'][contains(.,'Next »')]'.</msg>
<status status="PASS" starttime="20230110 14:42:32.910" endtime="20230110 14:42:33.070"/>
</kw>
<kw name="Capture Page Screenshot" library="SeleniumLibrary">
<doc>Takes a screenshot of the current page and embeds it into a log file.</doc>
<msg timestamp="20230110 14:42:33.370" level="INFO" html="true">&lt;/td&gt;&lt;/tr&gt;&lt;tr&gt;&lt;td colspan="3"&gt;&lt;a href="selenium-screenshot-43.png"&gt;&lt;img src="selenium-screenshot-43.png" width="800px"&gt;&lt;/a&gt;</msg>
<status status="PASS" starttime="20230110 14:42:33.071" endtime="20230110 14:42:33.371"/>
</kw>
<kw name="Wait Until Element Is Visible" library="SeleniumLibrary">
<arg>${Star_Date}</arg>
<doc>Waits until the element ``locator`` is visible.</doc>
<status status="PASS" starttime="20230110 14:42:33.371" endtime="20230110 14:42:33.444"/>
</kw>
<kw name="Capture Page Screenshot" library="SeleniumLibrary">
<doc>Takes a screenshot of the current page and embeds it into a log file.</doc>
<msg timestamp="20230110 14:42:33.701" level="INFO" html="true">&lt;/td&gt;&lt;/tr&gt;&lt;tr&gt;&lt;td colspan="3"&gt;&lt;a href="selenium-screenshot-44.png"&gt;&lt;img src="selenium-screenshot-44.png" width="800px"&gt;&lt;/a&gt;</msg>
<status status="PASS" starttime="20230110 14:42:33.444" endtime="20230110 14:42:33.701"/>
</kw>
<status status="PASS" starttime="20230110 14:42:30.635" endtime="20230110 14:42:33.702"/>
</kw>
<kw name="Campo de data Inicio" library="Tricentis_resource">
<kw name="Wait Until Element Is Visible" library="SeleniumLibrary">
<arg>${Star_Date}</arg>
<doc>Waits until the element ``locator`` is visible.</doc>
<status status="PASS" starttime="20230110 14:42:33.707" endtime="20230110 14:42:33.791"/>
</kw>
<kw name="Capture Page Screenshot" library="SeleniumLibrary">
<doc>Takes a screenshot of the current page and embeds it into a log file.</doc>
<msg timestamp="20230110 14:42:34.091" level="INFO" html="true">&lt;/td&gt;&lt;/tr&gt;&lt;tr&gt;&lt;td colspan="3"&gt;&lt;a href="selenium-screenshot-45.png"&gt;&lt;img src="selenium-screenshot-45.png" width="800px"&gt;&lt;/a&gt;</msg>
<status status="PASS" starttime="20230110 14:42:33.791" endtime="20230110 14:42:34.091"/>
</kw>
<kw name="Input Text" library="SeleniumLibrary">
<arg>${Star_Date}</arg>
<arg>${Inicio}</arg>
<doc>Types the given ``text`` into the text field identified by ``locator``.</doc>
<msg timestamp="20230110 14:42:34.092" level="INFO">Typing text '05/06/2023' into text field '//input[contains(@name,'Start Date')]'.</msg>
<status status="PASS" starttime="20230110 14:42:34.091" endtime="20230110 14:42:35.017"/>
</kw>
<kw name="Capture Page Screenshot" library="SeleniumLibrary">
<doc>Takes a screenshot of the current page and embeds it into a log file.</doc>
<msg timestamp="20230110 14:42:35.324" level="INFO" html="true">&lt;/td&gt;&lt;/tr&gt;&lt;tr&gt;&lt;td colspan="3"&gt;&lt;a href="selenium-screenshot-46.png"&gt;&lt;img src="selenium-screenshot-46.png" width="800px"&gt;&lt;/a&gt;</msg>
<status status="PASS" starttime="20230110 14:42:35.017" endtime="20230110 14:42:35.325"/>
</kw>
<status status="PASS" starttime="20230110 14:42:33.706" endtime="20230110 14:42:35.325"/>
</kw>
<kw name="Valor do Seguro" library="Tricentis_resource">
<kw name="Wait Until Element Is Visible" library="SeleniumLibrary">
<arg>${Insurance}</arg>
<doc>Waits until the element ``locator`` is visible.</doc>
<status status="PASS" starttime="20230110 14:42:35.331" endtime="20230110 14:42:35.418"/>
</kw>
<kw name="Capture Page Screenshot" library="SeleniumLibrary">
<doc>Takes a screenshot of the current page and embeds it into a log file.</doc>
<msg timestamp="20230110 14:42:35.652" level="INFO" html="true">&lt;/td&gt;&lt;/tr&gt;&lt;tr&gt;&lt;td colspan="3"&gt;&lt;a href="selenium-screenshot-47.png"&gt;&lt;img src="selenium-screenshot-47.png" width="800px"&gt;&lt;/a&gt;</msg>
<status status="PASS" starttime="20230110 14:42:35.418" endtime="20230110 14:42:35.653"/>
</kw>
<kw name="Click Element" library="SeleniumLibrary">
<arg>${Insurance}</arg>
<doc>Click the element identified by ``locator``.</doc>
<msg timestamp="20230110 14:42:35.654" level="INFO">Clicking element '//select[contains(@name,'Insurance Sum')]'.</msg>
<status status="PASS" starttime="20230110 14:42:35.653" endtime="20230110 14:42:35.838"/>
</kw>
<kw name="Capture Page Screenshot" library="SeleniumLibrary">
<doc>Takes a screenshot of the current page and embeds it into a log file.</doc>
<msg timestamp="20230110 14:42:36.134" level="INFO" html="true">&lt;/td&gt;&lt;/tr&gt;&lt;tr&gt;&lt;td colspan="3"&gt;&lt;a href="selenium-screenshot-48.png"&gt;&lt;img src="selenium-screenshot-48.png" width="800px"&gt;&lt;/a&gt;</msg>
<status status="PASS" starttime="20230110 14:42:35.838" endtime="20230110 14:42:36.135"/>
</kw>
<kw name="Wait Until Element Is Visible" library="SeleniumLibrary">
<arg>${Valor}</arg>
<doc>Waits until the element ``locator`` is visible.</doc>
<status status="PASS" starttime="20230110 14:42:36.135" endtime="20230110 14:42:36.231"/>
</kw>
<kw name="Click Element" library="SeleniumLibrary">
<arg>${Valor}</arg>
<doc>Click the element identified by ``locator``.</doc>
<msg timestamp="20230110 14:42:36.233" level="INFO">Clicking element '//option[@value='35000000']'.</msg>
<status status="PASS" starttime="20230110 14:42:36.232" endtime="20230110 14:42:36.337"/>
</kw>
<kw name="Capture Page Screenshot" library="SeleniumLibrary">
<doc>Takes a screenshot of the current page and embeds it into a log file.</doc>
<msg timestamp="20230110 14:42:36.578" level="INFO" html="true">&lt;/td&gt;&lt;/tr&gt;&lt;tr&gt;&lt;td colspan="3"&gt;&lt;a href="selenium-screenshot-49.png"&gt;&lt;img src="selenium-screenshot-49.png" width="800px"&gt;&lt;/a&gt;</msg>
<status status="PASS" starttime="20230110 14:42:36.338" endtime="20230110 14:42:36.578"/>
</kw>
<kw name="Wait Until Element Is Visible" library="SeleniumLibrary">
<arg>${Merit}</arg>
<doc>Waits until the element ``locator`` is visible.</doc>
<status status="PASS" starttime="20230110 14:42:36.578" endtime="20230110 14:42:36.647"/>
</kw>
<kw name="Capture Page Screenshot" library="SeleniumLibrary">
<doc>Takes a screenshot of the current page and embeds it into a log file.</doc>
<msg timestamp="20230110 14:42:36.924" level="INFO" html="true">&lt;/td&gt;&lt;/tr&gt;&lt;tr&gt;&lt;td colspan="3"&gt;&lt;a href="selenium-screenshot-50.png"&gt;&lt;img src="selenium-screenshot-50.png" width="800px"&gt;&lt;/a&gt;</msg>
<status status="PASS" starttime="20230110 14:42:36.647" endtime="20230110 14:42:36.924"/>
</kw>
<kw name="Click Element" library="SeleniumLibrary">
<arg>${Merit}</arg>
<doc>Click the element identified by ``locator``.</doc>
<msg timestamp="20230110 14:42:36.926" level="INFO">Clicking element '//label[@class='main'][contains(.,'Merit Rating')]'.</msg>
<status status="PASS" starttime="20230110 14:42:36.924" endtime="20230110 14:42:37.096"/>
</kw>
<kw name="Capture Page Screenshot" library="SeleniumLibrary">
<doc>Takes a screenshot of the current page and embeds it into a log file.</doc>
<msg timestamp="20230110 14:42:37.358" level="INFO" html="true">&lt;/td&gt;&lt;/tr&gt;&lt;tr&gt;&lt;td colspan="3"&gt;&lt;a href="selenium-screenshot-51.png"&gt;&lt;img src="selenium-screenshot-51.png" width="800px"&gt;&lt;/a&gt;</msg>
<status status="PASS" starttime="20230110 14:42:37.096" endtime="20230110 14:42:37.359"/>
</kw>
<kw name="Wait Until Element Is Visible" library="SeleniumLibrary">
<arg>${Bonus}</arg>
<doc>Waits until the element ``locator`` is visible.</doc>
<status status="PASS" starttime="20230110 14:42:37.359" endtime="20230110 14:42:37.405"/>
</kw>
<kw name="Capture Page Screenshot" library="SeleniumLibrary">
<doc>Takes a screenshot of the current page and embeds it into a log file.</doc>
<msg timestamp="20230110 14:42:37.650" level="INFO" html="true">&lt;/td&gt;&lt;/tr&gt;&lt;tr&gt;&lt;td colspan="3"&gt;&lt;a href="selenium-screenshot-52.png"&gt;&lt;img src="selenium-screenshot-52.png" width="800px"&gt;&lt;/a&gt;</msg>
<status status="PASS" starttime="20230110 14:42:37.405" endtime="20230110 14:42:37.650"/>
</kw>
<kw name="Click Element" library="SeleniumLibrary">
<arg>${Bonus}</arg>
<doc>Click the element identified by ``locator``.</doc>
<msg timestamp="20230110 14:42:37.652" level="INFO">Clicking element '//option[contains(@value,'Malus 12')]'.</msg>
<status status="PASS" starttime="20230110 14:42:37.651" endtime="20230110 14:42:37.831"/>
</kw>
<kw name="Capture Page Screenshot" library="SeleniumLibrary">
<doc>Takes a screenshot of the current page and embeds it into a log file.</doc>
<msg timestamp="20230110 14:42:38.064" level="INFO" html="true">&lt;/td&gt;&lt;/tr&gt;&lt;tr&gt;&lt;td colspan="3"&gt;&lt;a href="selenium-screenshot-53.png"&gt;&lt;img src="selenium-screenshot-53.png" width="800px"&gt;&lt;/a&gt;</msg>
<status status="PASS" starttime="20230110 14:42:37.831" endtime="20230110 14:42:38.066"/>
</kw>
<status status="PASS" starttime="20230110 14:42:35.330" endtime="20230110 14:42:38.066"/>
</kw>
<kw name="Dados da Cobertura" library="Tricentis_resource">
<kw name="Wait Until Element Is Visible" library="SeleniumLibrary">
<arg>${Campo_Dados}</arg>
<doc>Waits until the element ``locator`` is visible.</doc>
<status status="PASS" starttime="20230110 14:42:38.069" endtime="20230110 14:42:38.137"/>
</kw>
<kw name="Capture Page Screenshot" library="SeleniumLibrary">
<doc>Takes a screenshot of the current page and embeds it into a log file.</doc>
<msg timestamp="20230110 14:42:38.433" level="INFO" html="true">&lt;/td&gt;&lt;/tr&gt;&lt;tr&gt;&lt;td colspan="3"&gt;&lt;a href="selenium-screenshot-54.png"&gt;&lt;img src="selenium-screenshot-54.png" width="800px"&gt;&lt;/a&gt;</msg>
<status status="PASS" starttime="20230110 14:42:38.138" endtime="20230110 14:42:38.433"/>
</kw>
<kw name="Click Element" library="SeleniumLibrary">
<arg>${Campo_Dados}</arg>
<doc>Click the element identified by ``locator``.</doc>
<msg timestamp="20230110 14:42:38.435" level="INFO">Clicking element '//select[@name='Damage Insurance']'.</msg>
<status status="PASS" starttime="20230110 14:42:38.433" endtime="20230110 14:42:38.736"/>
</kw>
<kw name="Wait Until Element Is Visible" library="SeleniumLibrary">
<arg>${Cobertura}</arg>
<doc>Waits until the element ``locator`` is visible.</doc>
<status status="PASS" starttime="20230110 14:42:38.737" endtime="20230110 14:42:38.812"/>
</kw>
<kw name="Click Element" library="SeleniumLibrary">
<arg>${Cobertura}</arg>
<doc>Click the element identified by ``locator``.</doc>
<msg timestamp="20230110 14:42:38.814" level="INFO">Clicking element '//option[@value='Full Coverage']'.</msg>
<status status="PASS" starttime="20230110 14:42:38.813" endtime="20230110 14:42:38.904"/>
</kw>
<kw name="Capture Page Screenshot" library="SeleniumLibrary">
<doc>Takes a screenshot of the current page and embeds it into a log file.</doc>
<msg timestamp="20230110 14:42:39.335" level="INFO" html="true">&lt;/td&gt;&lt;/tr&gt;&lt;tr&gt;&lt;td colspan="3"&gt;&lt;a href="selenium-screenshot-55.png"&gt;&lt;img src="selenium-screenshot-55.png" width="800px"&gt;&lt;/a&gt;</msg>
<status status="PASS" starttime="20230110 14:42:38.904" endtime="20230110 14:42:39.335"/>
</kw>
<kw name="Wait Until Element Is Visible" library="SeleniumLibrary">
<arg>${Opcao}</arg>
<doc>Waits until the element ``locator`` is visible.</doc>
<status status="PASS" starttime="20230110 14:42:39.335" endtime="20230110 14:42:39.467"/>
</kw>
<kw name="Capture Page Screenshot" library="SeleniumLibrary">
<doc>Takes a screenshot of the current page and embeds it into a log file.</doc>
<msg timestamp="20230110 14:42:39.756" level="INFO" html="true">&lt;/td&gt;&lt;/tr&gt;&lt;tr&gt;&lt;td colspan="3"&gt;&lt;a href="selenium-screenshot-56.png"&gt;&lt;img src="selenium-screenshot-56.png" width="800px"&gt;&lt;/a&gt;</msg>
<status status="PASS" starttime="20230110 14:42:39.467" endtime="20230110 14:42:39.756"/>
</kw>
<kw name="Click Element" library="SeleniumLibrary">
<arg>${Euro}</arg>
<doc>Click the element identified by ``locator``.</doc>
<msg timestamp="20230110 14:42:39.757" level="INFO">Clicking element '//label[@class='ideal-radiocheck-label'][contains(.,'Euro Protection')]'.</msg>
<status status="PASS" starttime="20230110 14:42:39.756" endtime="20230110 14:42:39.909"/>
</kw>
<kw name="Capture Page Screenshot" library="SeleniumLibrary">
<doc>Takes a screenshot of the current page and embeds it into a log file.</doc>
<msg timestamp="20230110 14:42:40.162" level="INFO" html="true">&lt;/td&gt;&lt;/tr&gt;&lt;tr&gt;&lt;td colspan="3"&gt;&lt;a href="selenium-screenshot-57.png"&gt;&lt;img src="selenium-screenshot-57.png" width="800px"&gt;&lt;/a&gt;</msg>
<status status="PASS" starttime="20230110 14:42:39.909" endtime="20230110 14:42:40.162"/>
</kw>
<status status="PASS" starttime="20230110 14:42:38.068" endtime="20230110 14:42:40.162"/>
</kw>
<kw name="Carro Cortesia" library="Tricentis_resource">
<kw name="Wait Until Element Is Visible" library="SeleniumLibrary">
<arg>${Carro}</arg>
<doc>Waits until the element ``locator`` is visible.</doc>
<status status="PASS" starttime="20230110 14:42:40.172" endtime="20230110 14:42:40.245"/>
</kw>
<kw name="Capture Page Screenshot" library="SeleniumLibrary">
<doc>Takes a screenshot of the current page and embeds it into a log file.</doc>
<msg timestamp="20230110 14:42:40.611" level="INFO" html="true">&lt;/td&gt;&lt;/tr&gt;&lt;tr&gt;&lt;td colspan="3"&gt;&lt;a href="selenium-screenshot-58.png"&gt;&lt;img src="selenium-screenshot-58.png" width="800px"&gt;&lt;/a&gt;</msg>
<status status="PASS" starttime="20230110 14:42:40.247" endtime="20230110 14:42:40.611"/>
</kw>
<kw name="Click Element" library="SeleniumLibrary">
<arg>${Carro}</arg>
<doc>Click the element identified by ``locator``.</doc>
<msg timestamp="20230110 14:42:40.613" level="INFO">Clicking element '//select[contains(@name,'Courtesy Car')]'.</msg>
<status status="PASS" starttime="20230110 14:42:40.612" endtime="20230110 14:42:40.772"/>
</kw>
<kw name="Wait Until Element Is Visible" library="SeleniumLibrary">
<arg>${Escolha}</arg>
<doc>Waits until the element ``locator`` is visible.</doc>
<status status="PASS" starttime="20230110 14:42:40.772" endtime="20230110 14:42:40.910"/>
</kw>
<kw name="Capture Page Screenshot" library="SeleniumLibrary">
<doc>Takes a screenshot of the current page and embeds it into a log file.</doc>
<msg timestamp="20230110 14:42:41.146" level="INFO" html="true">&lt;/td&gt;&lt;/tr&gt;&lt;tr&gt;&lt;td colspan="3"&gt;&lt;a href="selenium-screenshot-59.png"&gt;&lt;img src="selenium-screenshot-59.png" width="800px"&gt;&lt;/a&gt;</msg>
<status status="PASS" starttime="20230110 14:42:40.911" endtime="20230110 14:42:41.146"/>
</kw>
<kw name="Click Element" library="SeleniumLibrary">
<arg>${Escolha}</arg>
<doc>Click the element identified by ``locator``.</doc>
<msg timestamp="20230110 14:42:41.148" level="INFO">Clicking element '//option[@value='Yes'][contains(.,'Yes')]'.</msg>
<status status="PASS" starttime="20230110 14:42:41.147" endtime="20230110 14:42:41.249"/>
</kw>
<status status="PASS" starttime="20230110 14:42:40.171" endtime="20230110 14:42:41.249"/>
</kw>
<kw name="Seguinte" library="Tricentis_resource">
<kw name="Wait Until Element Is Visible" library="SeleniumLibrary">
<arg>${Proximo}</arg>
<doc>Waits until the element ``locator`` is visible.</doc>
<status status="PASS" starttime="20230110 14:42:41.252" endtime="20230110 14:42:41.321"/>
</kw>
<kw name="Capture Page Screenshot" library="SeleniumLibrary">
<doc>Takes a screenshot of the current page and embeds it into a log file.</doc>
<msg timestamp="20230110 14:42:41.572" level="INFO" html="true">&lt;/td&gt;&lt;/tr&gt;&lt;tr&gt;&lt;td colspan="3"&gt;&lt;a href="selenium-screenshot-60.png"&gt;&lt;img src="selenium-screenshot-60.png" width="800px"&gt;&lt;/a&gt;</msg>
<status status="PASS" starttime="20230110 14:42:41.322" endtime="20230110 14:42:41.573"/>
</kw>
<kw name="Click Button" library="SeleniumLibrary">
<arg>${Proximo}</arg>
<doc>Clicks the button identified by ``locator``.</doc>
<msg timestamp="20230110 14:42:41.575" level="INFO">Clicking button '//button[@name='Next (Select Price Option)']'.</msg>
<status status="PASS" starttime="20230110 14:42:41.573" endtime="20230110 14:42:42.200"/>
</kw>
<kw name="Capture Page Screenshot" library="SeleniumLibrary">
<doc>Takes a screenshot of the current page and embeds it into a log file.</doc>
<msg timestamp="20230110 14:42:42.614" level="INFO" html="true">&lt;/td&gt;&lt;/tr&gt;&lt;tr&gt;&lt;td colspan="3"&gt;&lt;a href="selenium-screenshot-61.png"&gt;&lt;img src="selenium-screenshot-61.png" width="800px"&gt;&lt;/a&gt;</msg>
<status status="PASS" starttime="20230110 14:42:42.200" endtime="20230110 14:42:42.616"/>
</kw>
<kw name="Wait Until Element Is Visible" library="SeleniumLibrary">
<arg>${Validar}</arg>
<doc>Waits until the element ``locator`` is visible.</doc>
<status status="PASS" starttime="20230110 14:42:42.616" endtime="20230110 14:42:42.735"/>
</kw>
<kw name="Capture Page Screenshot" library="SeleniumLibrary">
<doc>Takes a screenshot of the current page and embeds it into a log file.</doc>
<msg timestamp="20230110 14:42:43.045" level="INFO" html="true">&lt;/td&gt;&lt;/tr&gt;&lt;tr&gt;&lt;td colspan="3"&gt;&lt;a href="selenium-screenshot-62.png"&gt;&lt;img src="selenium-screenshot-62.png" width="800px"&gt;&lt;/a&gt;</msg>
<status status="PASS" starttime="20230110 14:42:42.735" endtime="20230110 14:42:43.045"/>
</kw>
<kw name="Sleep" library="BuiltIn">
<arg>20</arg>
<doc>Pauses the test executed for the given time.</doc>
<msg timestamp="20230110 14:43:03.046" level="INFO">Slept 20 seconds</msg>
<status status="PASS" starttime="20230110 14:42:43.046" endtime="20230110 14:43:03.046"/>
</kw>
<status status="PASS" starttime="20230110 14:42:41.251" endtime="20230110 14:43:03.047"/>
</kw>
<kw name="Cotação" library="Tricentis_resource">
<kw name="Wait Until Element Is Visible" library="SeleniumLibrary">
<arg>${Qote}</arg>
<doc>Waits until the element ``locator`` is visible.</doc>
<status status="PASS" starttime="20230110 14:43:03.052" endtime="20230110 14:43:03.147"/>
</kw>
<kw name="Capture Page Screenshot" library="SeleniumLibrary">
<doc>Takes a screenshot of the current page and embeds it into a log file.</doc>
<msg timestamp="20230110 14:43:03.415" level="INFO" html="true">&lt;/td&gt;&lt;/tr&gt;&lt;tr&gt;&lt;td colspan="3"&gt;&lt;a href="selenium-screenshot-63.png"&gt;&lt;img src="selenium-screenshot-63.png" width="800px"&gt;&lt;/a&gt;</msg>
<status status="PASS" starttime="20230110 14:43:03.147" endtime="20230110 14:43:03.416"/>
</kw>
<kw name="Click Element" library="SeleniumLibrary">
<arg>${Qote}</arg>
<doc>Click the element identified by ``locator``.</doc>
<msg timestamp="20230110 14:43:03.418" level="INFO">Clicking element '//a[contains(@name,'Select Price Option')]'.</msg>
<status status="PASS" starttime="20230110 14:43:03.416" endtime="20230110 14:43:03.594"/>
</kw>
<kw name="Capture Page Screenshot" library="SeleniumLibrary">
<doc>Takes a screenshot of the current page and embeds it into a log file.</doc>
<msg timestamp="20230110 14:43:03.893" level="INFO" html="true">&lt;/td&gt;&lt;/tr&gt;&lt;tr&gt;&lt;td colspan="3"&gt;&lt;a href="selenium-screenshot-64.png"&gt;&lt;img src="selenium-screenshot-64.png" width="800px"&gt;&lt;/a&gt;</msg>
<status status="PASS" starttime="20230110 14:43:03.594" endtime="20230110 14:43:03.893"/>
</kw>
<kw name="Sleep" library="BuiltIn">
<arg>4</arg>
<doc>Pauses the test executed for the given time.</doc>
<msg timestamp="20230110 14:43:07.895" level="INFO">Slept 4 seconds</msg>
<status status="PASS" starttime="20230110 14:43:03.893" endtime="20230110 14:43:07.895"/>
</kw>
<status status="PASS" starttime="20230110 14:43:03.051" endtime="20230110 14:43:07.895"/>
</kw>
<doc>Esse teste realiza o cadastro de veiculos</doc>
<tag>Cadastro</tag>
<status status="PASS" starttime="20230110 14:41:40.848" endtime="20230110 14:43:07.896"/>
</test>
<doc>Esse teste preenche dados do site tricentis</doc>
<status status="PASS" starttime="20230110 14:41:39.842" endtime="20230110 14:43:07.908"/>
</suite>
<statistics>
<total>
<stat pass="1" fail="0" skip="0">All Tests</stat>
</total>
<tag>
<stat pass="1" fail="0" skip="0">Cadastro</stat>
</tag>
<suite>
<stat pass="1" fail="0" skip="0" id="s1" name="Tricentis Test">Tricentis Test</stat>
</suite>
</statistics>
<errors>
<msg timestamp="20230110 14:41:40.837" level="ERROR">Error in file 'E:\Beckaup\Automação\AutomaçãoTricentes.robot\steps\Metodo_steps.robot' on line 2: Resource file 'steps\Tricentis_resource.robot' does not exist.</msg>
</errors>
</robot>
